0 info it worked if it ends with ok
1 verbose cli [ '/usr/local/bin/node', '/usr/local/bin/npm', 'build', 'app.js' ]
2 info using npm@3.10.10
3 info using node@v6.11.2
4 info build /Users/jsm/GitHub/es6.io/13 - JavaScript Modules and Using npm/es6modules/app.js
5 verbose stack Error: ENOENT: no such file or directory, open '/Users/jsm/GitHub/es6.io/13 - JavaScript Modules and Using npm/es6modules/app.js/package.json'
5 verbose stack     at Error (native)
6 verbose cwd /Users/jsm/GitHub/es6.io/13 - JavaScript Modules and Using npm/es6modules
7 error Darwin 17.5.0
8 error argv "/usr/local/bin/node" "/usr/local/bin/npm" "build" "app.js"
9 error node v6.11.2
10 error npm  v3.10.10
11 error path /Users/jsm/GitHub/es6.io/13 - JavaScript Modules and Using npm/es6modules/app.js/package.json
12 error code ENOENT
13 error errno -2
14 error syscall open
15 error enoent ENOENT: no such file or directory, open '/Users/jsm/GitHub/es6.io/13 - JavaScript Modules and Using npm/es6modules/app.js/package.json'
16 error enoent ENOENT: no such file or directory, open '/Users/jsm/GitHub/es6.io/13 - JavaScript Modules and Using npm/es6modules/app.js/package.json'
16 error enoent This is most likely not a problem with npm itself
16 error enoent and is related to npm not being able to find a file.
17 verbose exit [ -2, true ]
